<?xml version="1.0" encoding="UTF-8"?>
<!-- Generated by org.testng.reporters.JUnitXMLReporter -->
<testsuite ignored="0" hostname="DESKTOP-I91J3NG" failures="0" tests="7" name="Chrometest" time="150.696" errors="0" timestamp="2024-12-20T18:26:25 IST">
  <testcase classname="testcases.TC001AccountRegistrationTest" name="verify_registration_account" time="20.013"/>
  <testcase classname="testcases.TC002LoginpageTestCase" name="LoginPageTestcase" time="13.002"/>
  <testcase classname="testcases.TC003DataDrivenTestCase" name="DataDrivenTestCase" time="9.081"/>
  <testcase classname="testcases.TC003DataDrivenTestCase" name="DataDrivenTestCase" time="15.228"/>
  <testcase classname="testcases.TC003DataDrivenTestCase" name="DataDrivenTestCase" time="5.94"/>
  <testcase classname="testcases.TC003DataDrivenTestCase" name="DataDrivenTestCase" time="12.171"/>
  <testcase classname="testcases.TC003DataDrivenTestCase" name="DataDrivenTestCase" time="15.563"/>
</testsuite> <!-- Chrometest -->
