<?xml version="1.0" encoding="UTF-8"?>
<!-- Generated by org.testng.reporters.JUnitXMLReporter -->
<testsuite ignored="0" hostname="DESKTOP-I91J3NG" failures="0" tests="7" name="edgetest" time="239.221" errors="0" timestamp="2024-12-20T14:01:46 IST">
  <testcase classname="testcases.TC001AccountRegistrationTest" name="verify_registration_account" time="11.198"/>
  <testcase classname="testcases.TC002LoginpageTestCase" name="LoginPageTestcase" time="10.939"/>
  <testcase classname="testcases.TC003DataDrivenTestCase" name="DataDrivenTestCase" time="8.959"/>
  <testcase classname="testcases.TC003DataDrivenTestCase" name="DataDrivenTestCase" time="14.92"/>
  <testcase classname="testcases.TC003DataDrivenTestCase" name="DataDrivenTestCase" time="6.514"/>
  <testcase classname="testcases.TC003DataDrivenTestCase" name="DataDrivenTestCase" time="12.483"/>
  <testcase classname="testcases.TC003DataDrivenTestCase" name="DataDrivenTestCase" time="11.691"/>
</testsuite> <!-- edgetest -->
