<?xml version="1.0" encoding="UTF-8"?>
<!-- Generated by org.testng.reporters.JUnitXMLReporter -->
<testsuite ignored="0" hostname="DESKTOP-I91J3NG" failures="0" tests="7" name="firefoxtest" time="194.851" errors="0" timestamp="2024-12-20T18:27:07 IST">
  <testcase classname="testcases.TC001AccountRegistrationTest" name="verify_registration_account" time="10.065"/>
  <testcase classname="testcases.TC002LoginpageTestCase" name="LoginPageTestcase" time="7.108"/>
  <testcase classname="testcases.TC003DataDrivenTestCase" name="DataDrivenTestCase" time="4.445"/>
  <testcase classname="testcases.TC003DataDrivenTestCase" name="DataDrivenTestCase" time="12.48"/>
  <testcase classname="testcases.TC003DataDrivenTestCase" name="DataDrivenTestCase" time="7.786"/>
  <testcase classname="testcases.TC003DataDrivenTestCase" name="DataDrivenTestCase" time="12.674"/>
  <testcase classname="testcases.TC003DataDrivenTestCase" name="DataDrivenTestCase" time="11.582"/>
</testsuite> <!-- firefoxtest -->
