<?xml version="1.0" encoding="UTF-8"?>
<!-- Generated by org.testng.reporters.JUnitXMLReporter -->
<testsuite ignored="0" hostname="DESKTOP-I91J3NG" failures="0" tests="7" name="LinuxChrome" time="387.375" errors="0" timestamp="2024-12-20T18:16:20 IST">
  <testcase classname="testcases.TC001AccountRegistrationTest" name="verify_registration_account" time="9.686"/>
  <testcase classname="testcases.TC002LoginpageTestCase" name="LoginPageTestcase" time="16.755"/>
  <testcase classname="testcases.TC003DataDrivenTestCase" name="DataDrivenTestCase" time="6.396"/>
  <testcase classname="testcases.TC003DataDrivenTestCase" name="DataDrivenTestCase" time="14.966"/>
  <testcase classname="testcases.TC003DataDrivenTestCase" name="DataDrivenTestCase" time="5.176"/>
  <testcase classname="testcases.TC003DataDrivenTestCase" name="DataDrivenTestCase" time="13.722"/>
  <testcase classname="testcases.TC003DataDrivenTestCase" name="DataDrivenTestCase" time="17.229"/>
</testsuite> <!-- LinuxChrome -->
