<?xml version="1.0" encoding="UTF-8"?>
<!-- Generated by org.testng.reporters.JUnitXMLReporter -->
<testsuite ignored="0" hostname="DESKTOP-I91J3NG" failures="0" tests="7" name="Linuxfirefox" time="519.137" errors="0" timestamp="2024-12-20T18:18:31 IST">
  <testcase classname="testcases.TC001AccountRegistrationTest" name="verify_registration_account" time="0.0">
    <skipped/>
  </testcase> <!-- verify_registration_account -->
  <testcase classname="testcases.TC002LoginpageTestCase" name="LoginPageTestcase" time="17.077"/>
  <testcase classname="testcases.TC003DataDrivenTestCase" name="DataDrivenTestCase" time="5.649"/>
  <testcase classname="testcases.TC003DataDrivenTestCase" name="DataDrivenTestCase" time="12.747"/>
  <testcase classname="testcases.TC003DataDrivenTestCase" name="DataDrivenTestCase" time="3.573"/>
  <testcase classname="testcases.TC003DataDrivenTestCase" name="DataDrivenTestCase" time="13.485"/>
  <testcase classname="testcases.TC003DataDrivenTestCase" name="DataDrivenTestCase" time="11.712"/>
</testsuite> <!-- Linuxfirefox -->
