<?xml version="1.0" encoding="UTF-8"?>
<!-- Generated by org.testng.reporters.JUnitXMLReporter -->
<testsuite ignored="0" hostname="DESKTOP-I91J3NG" failures="0" tests="7" name="chrometest" time="90.415" errors="0" timestamp="2024-12-21T11:19:52 IST">
  <testcase classname="testcases.TC001AccountRegistrationTest" name="verify_registration_account" time="5.893"/>
  <testcase classname="testcases.TC002LoginpageTestCase" name="LoginPageTestcase" time="10.174"/>
  <testcase classname="testcases.TC003DataDrivenTestCase" name="DataDrivenTestCase" time="5.318"/>
  <testcase classname="testcases.TC003DataDrivenTestCase" name="DataDrivenTestCase" time="12.185"/>
  <testcase classname="testcases.TC003DataDrivenTestCase" name="DataDrivenTestCase" time="4.213"/>
  <testcase classname="testcases.TC003DataDrivenTestCase" name="DataDrivenTestCase" time="11.167"/>
  <testcase classname="testcases.TC003DataDrivenTestCase" name="DataDrivenTestCase" time="11.732"/>
</testsuite> <!-- chrometest -->
