<?xml version="1.0" encoding="UTF-8"?>
<!-- Generated by org.testng.reporters.JUnitXMLReporter -->
<testsuite ignored="0" hostname="DESKTOP-I91J3NG" failures="0" tests="7" name="edgetest" time="99.211" errors="0" timestamp="2024-12-21T11:19:59 IST">
  <testcase classname="testcases.TC001AccountRegistrationTest" name="verify_registration_account" time="6.035"/>
  <testcase classname="testcases.TC002LoginpageTestCase" name="LoginPageTestcase" time="7.635"/>
  <testcase classname="testcases.TC003DataDrivenTestCase" name="DataDrivenTestCase" time="4.037"/>
  <testcase classname="testcases.TC003DataDrivenTestCase" name="DataDrivenTestCase" time="12.514"/>
  <testcase classname="testcases.TC003DataDrivenTestCase" name="DataDrivenTestCase" time="4.31"/>
  <testcase classname="testcases.TC003DataDrivenTestCase" name="DataDrivenTestCase" time="11.221"/>
  <testcase classname="testcases.TC003DataDrivenTestCase" name="DataDrivenTestCase" time="11.471"/>
</testsuite> <!-- edgetest -->
