<?xml version="1.0" encoding="UTF-8"?>
<testng-results ignored="0" total="14" passed="14" failed="0" skipped="0">
  <reporter-output>
  </reporter-output>
  <suite started-at="2024-12-21T11:18:19 IST" name="Suite" finished-at="2024-12-21T11:19:58 IST" duration-ms="99220">
    <groups>
      <group name="Regression">
        <method signature="TC003DataDrivenTestCase.DataDrivenTestCase(java.lang.String,java.lang.String,java.lang.String)[pri:0, instance:testcases.TC003DataDrivenTestCase@16746061]" name="DataDrivenTestCase" class="testcases.TC003DataDrivenTestCase"/>
        <method signature="TC003DataDrivenTestCase.DataDrivenTestCase(java.lang.String,java.lang.String,java.lang.String)[pri:0, instance:testcases.TC003DataDrivenTestCase@53812a9b]" name="DataDrivenTestCase" class="testcases.TC003DataDrivenTestCase"/>
      </group> <!-- Regression -->
      <group name="sanity">
        <method signature="TC001AccountRegistrationTest.verify_registration_account()[pri:0, instance:testcases.TC001AccountRegistrationTest@6eeade6c]" name="verify_registration_account" class="testcases.TC001AccountRegistrationTest"/>
        <method signature="TC002LoginpageTestCase.LoginPageTestcase()[pri:0, instance:testcases.TC002LoginpageTestCase@2313052e]" name="LoginPageTestcase" class="testcases.TC002LoginpageTestCase"/>
        <method signature="TC001AccountRegistrationTest.verify_registration_account()[pri:0, instance:testcases.TC001AccountRegistrationTest@4ee37ca3]" name="verify_registration_account" class="testcases.TC001AccountRegistrationTest"/>
        <method signature="TC002LoginpageTestCase.LoginPageTestcase()[pri:0, instance:testcases.TC002LoginpageTestCase@45c8d09f]" name="LoginPageTestcase" class="testcases.TC002LoginpageTestCase"/>
      </group> <!-- sanity -->
      <group name="master">
        <method signature="TC001AccountRegistrationTest.verify_registration_account()[pri:0, instance:testcases.TC001AccountRegistrationTest@6eeade6c]" name="verify_registration_account" class="testcases.TC001AccountRegistrationTest"/>
        <method signature="TC002LoginpageTestCase.LoginPageTestcase()[pri:0, instance:testcases.TC002LoginpageTestCase@2313052e]" name="LoginPageTestcase" class="testcases.TC002LoginpageTestCase"/>
        <method signature="TC003DataDrivenTestCase.DataDrivenTestCase(java.lang.String,java.lang.String,java.lang.String)[pri:0, instance:testcases.TC003DataDrivenTestCase@16746061]" name="DataDrivenTestCase" class="testcases.TC003DataDrivenTestCase"/>
        <method signature="TC001AccountRegistrationTest.verify_registration_account()[pri:0, instance:testcases.TC001AccountRegistrationTest@4ee37ca3]" name="verify_registration_account" class="testcases.TC001AccountRegistrationTest"/>
        <method signature="TC002LoginpageTestCase.LoginPageTestcase()[pri:0, instance:testcases.TC002LoginpageTestCase@45c8d09f]" name="LoginPageTestcase" class="testcases.TC002LoginpageTestCase"/>
        <method signature="TC003DataDrivenTestCase.DataDrivenTestCase(java.lang.String,java.lang.String,java.lang.String)[pri:0, instance:testcases.TC003DataDrivenTestCase@53812a9b]" name="DataDrivenTestCase" class="testcases.TC003DataDrivenTestCase"/>
      </group> <!-- master -->
    </groups>
    <test started-at="2024-12-21T11:18:19 IST" name="chrometest" finished-at="2024-12-21T11:19:49 IST" duration-ms="90415">
      <class name="testcases.TC002LoginpageTestCase">
        <test-method is-config="true" signature="SetUp(java.lang.String,java.lang.String)[pri:0, instance:testcases.TC002LoginpageTestCase@2313052e]" started-at="2024-12-21T11:18:41 IST" name="SetUp" finished-at="2024-12-21T11:18:45 IST" duration-ms="4099" status="PASS">
          <params>
            <param index="0">
              <value>
                <![CDATA[Chrome]]>
              </value>
            </param>
            <param index="1">
              <value>
                <![CDATA[window]]>
              </value>
            </param>
          </params>
          <reporter-output>
          </reporter-output>
        </test-method> <!-- SetUp -->
        <test-method signature="LoginPageTestcase()[pri:0, instance:testcases.TC002LoginpageTestCase@2313052e]" started-at="2024-12-21T11:18:45 IST" name="LoginPageTestcase" finished-at="2024-12-21T11:18:55 IST" duration-ms="10174" status="PASS">
          <reporter-output>
          </reporter-output>
        </test-method> <!-- LoginPageTestcase -->
        <test-method is-config="true" signature="teardown()[pri:0, instance:testcases.TC002LoginpageTestCase@2313052e]" started-at="2024-12-21T11:18:55 IST" name="teardown" finished-at="2024-12-21T11:18:56 IST" duration-ms="834" status="PASS">
          <reporter-output>
          </reporter-output>
        </test-method> <!-- teardown -->
      </class> <!-- testcases.TC002LoginpageTestCase -->
      <class name="testcases.TC001AccountRegistrationTest">
        <test-method is-config="true" signature="SetUp(java.lang.String,java.lang.String)[pri:0, instance:testcases.TC001AccountRegistrationTest@6eeade6c]" started-at="2024-12-21T11:18:20 IST" name="SetUp" finished-at="2024-12-21T11:18:35 IST" duration-ms="15063" status="PASS">
          <params>
            <param index="0">
              <value>
                <![CDATA[Chrome]]>
              </value>
            </param>
            <param index="1">
              <value>
                <![CDATA[window]]>
              </value>
            </param>
          </params>
          <reporter-output>
          </reporter-output>
        </test-method> <!-- SetUp -->
        <test-method signature="verify_registration_account()[pri:0, instance:testcases.TC001AccountRegistrationTest@6eeade6c]" started-at="2024-12-21T11:18:35 IST" name="verify_registration_account" finished-at="2024-12-21T11:18:41 IST" duration-ms="5893" status="PASS">
          <reporter-output>
          </reporter-output>
        </test-method> <!-- verify_registration_account -->
        <test-method is-config="true" signature="teardown()[pri:0, instance:testcases.TC001AccountRegistrationTest@6eeade6c]" started-at="2024-12-21T11:18:41 IST" name="teardown" finished-at="2024-12-21T11:18:41 IST" duration-ms="514" status="PASS">
          <reporter-output>
          </reporter-output>
        </test-method> <!-- teardown -->
      </class> <!-- testcases.TC001AccountRegistrationTest -->
      <class name="testcases.TC003DataDrivenTestCase">
        <test-method is-config="true" signature="SetUp(java.lang.String,java.lang.String)[pri:0, instance:testcases.TC003DataDrivenTestCase@16746061]" started-at="2024-12-21T11:18:56 IST" name="SetUp" finished-at="2024-12-21T11:19:01 IST" duration-ms="4576" status="PASS">
          <params>
            <param index="0">
              <value>
                <![CDATA[Chrome]]>
              </value>
            </param>
            <param index="1">
              <value>
                <![CDATA[window]]>
              </value>
            </param>
          </params>
          <reporter-output>
          </reporter-output>
        </test-method> <!-- SetUp -->
        <test-method signature="DataDrivenTestCase(java.lang.String,java.lang.String,java.lang.String)[pri:0, instance:testcases.TC003DataDrivenTestCase@16746061]" started-at="2024-12-21T11:19:04 IST" name="DataDrivenTestCase" data-provider="logindata" finished-at="2024-12-21T11:19:10 IST" duration-ms="5318" status="PASS">
          <params>
            <param index="0">
              <value>
                <![CDATA[ashu521998@gmail.com]]>
              </value>
            </param>
            <param index="1">
              <value>
                <![CDATA[123@123]]>
              </value>
            </param>
            <param index="2">
              <value>
                <![CDATA[Valid]]>
              </value>
            </param>
          </params>
          <reporter-output>
          </reporter-output>
        </test-method> <!-- DataDrivenTestCase -->
        <test-method signature="DataDrivenTestCase(java.lang.String,java.lang.String,java.lang.String)[pri:0, instance:testcases.TC003DataDrivenTestCase@16746061]" started-at="2024-12-21T11:19:10 IST" name="DataDrivenTestCase" data-provider="logindata" finished-at="2024-12-21T11:19:22 IST" duration-ms="12185" status="PASS">
          <params>
            <param index="0">
              <value>
                <![CDATA[pranav.prakash33@gmail.com]]>
              </value>
            </param>
            <param index="1">
              <value>
                <![CDATA[123@1234]]>
              </value>
            </param>
            <param index="2">
              <value>
                <![CDATA[Invalid]]>
              </value>
            </param>
          </params>
          <reporter-output>
          </reporter-output>
        </test-method> <!-- DataDrivenTestCase -->
        <test-method signature="DataDrivenTestCase(java.lang.String,java.lang.String,java.lang.String)[pri:0, instance:testcases.TC003DataDrivenTestCase@16746061]" started-at="2024-12-21T11:19:22 IST" name="DataDrivenTestCase" data-provider="logindata" finished-at="2024-12-21T11:19:26 IST" duration-ms="4213" status="PASS">
          <params>
            <param index="0">
              <value>
                <![CDATA[ashu5998@gmail.com]]>
              </value>
            </param>
            <param index="1">
              <value>
                <![CDATA[pranav]]>
              </value>
            </param>
            <param index="2">
              <value>
                <![CDATA[Valid]]>
              </value>
            </param>
          </params>
          <reporter-output>
          </reporter-output>
        </test-method> <!-- DataDrivenTestCase -->
        <test-method signature="DataDrivenTestCase(java.lang.String,java.lang.String,java.lang.String)[pri:0, instance:testcases.TC003DataDrivenTestCase@16746061]" started-at="2024-12-21T11:19:26 IST" name="DataDrivenTestCase" data-provider="logindata" finished-at="2024-12-21T11:19:37 IST" duration-ms="11167" status="PASS">
          <params>
            <param index="0">
              <value>
                <![CDATA[Happy@gmail.com]]>
              </value>
            </param>
            <param index="1">
              <value>
                <![CDATA[happy]]>
              </value>
            </param>
            <param index="2">
              <value>
                <![CDATA[Invalid]]>
              </value>
            </param>
          </params>
          <reporter-output>
          </reporter-output>
        </test-method> <!-- DataDrivenTestCase -->
        <test-method signature="DataDrivenTestCase(java.lang.String,java.lang.String,java.lang.String)[pri:0, instance:testcases.TC003DataDrivenTestCase@16746061]" started-at="2024-12-21T11:19:37 IST" name="DataDrivenTestCase" data-provider="logindata" finished-at="2024-12-21T11:19:49 IST" duration-ms="11732" status="PASS">
          <params>
            <param index="0">
              <value>
                <![CDATA[Yhaao@gmail.com]]>
              </value>
            </param>
            <param index="1">
              <value>
                <![CDATA[happy]]>
              </value>
            </param>
            <param index="2">
              <value>
                <![CDATA[Invalid]]>
              </value>
            </param>
          </params>
          <reporter-output>
          </reporter-output>
        </test-method> <!-- DataDrivenTestCase -->
        <test-method is-config="true" signature="teardown()[pri:0, instance:testcases.TC003DataDrivenTestCase@16746061]" started-at="2024-12-21T11:19:49 IST" name="teardown" finished-at="2024-12-21T11:19:49 IST" duration-ms="535" status="PASS">
          <reporter-output>
          </reporter-output>
        </test-method> <!-- teardown -->
      </class> <!-- testcases.TC003DataDrivenTestCase -->
    </test> <!-- chrometest -->
    <test started-at="2024-12-21T11:18:19 IST" name="edgetest" finished-at="2024-12-21T11:19:58 IST" duration-ms="99211">
      <class name="testcases.TC002LoginpageTestCase">
        <test-method is-config="true" signature="SetUp(java.lang.String,java.lang.String)[pri:0, instance:testcases.TC002LoginpageTestCase@45c8d09f]" started-at="2024-12-21T11:18:43 IST" name="SetUp" finished-at="2024-12-21T11:18:51 IST" duration-ms="8622" status="PASS">
          <params>
            <param index="0">
              <value>
                <![CDATA[edge]]>
              </value>
            </param>
            <param index="1">
              <value>
                <![CDATA[window]]>
              </value>
            </param>
          </params>
          <reporter-output>
          </reporter-output>
        </test-method> <!-- SetUp -->
        <test-method signature="LoginPageTestcase()[pri:0, instance:testcases.TC002LoginpageTestCase@45c8d09f]" started-at="2024-12-21T11:18:51 IST" name="LoginPageTestcase" finished-at="2024-12-21T11:18:59 IST" duration-ms="7635" status="PASS">
          <reporter-output>
          </reporter-output>
        </test-method> <!-- LoginPageTestcase -->
        <test-method is-config="true" signature="teardown()[pri:0, instance:testcases.TC002LoginpageTestCase@45c8d09f]" started-at="2024-12-21T11:18:59 IST" name="teardown" finished-at="2024-12-21T11:19:03 IST" duration-ms="4185" status="PASS">
          <reporter-output>
          </reporter-output>
        </test-method> <!-- teardown -->
      </class> <!-- testcases.TC002LoginpageTestCase -->
      <class name="testcases.TC001AccountRegistrationTest">
        <test-method is-config="true" signature="SetUp(java.lang.String,java.lang.String)[pri:0, instance:testcases.TC001AccountRegistrationTest@4ee37ca3]" started-at="2024-12-21T11:18:20 IST" name="SetUp" finished-at="2024-12-21T11:18:35 IST" duration-ms="15083" status="PASS">
          <params>
            <param index="0">
              <value>
                <![CDATA[edge]]>
              </value>
            </param>
            <param index="1">
              <value>
                <![CDATA[window]]>
              </value>
            </param>
          </params>
          <reporter-output>
          </reporter-output>
        </test-method> <!-- SetUp -->
        <test-method signature="verify_registration_account()[pri:0, instance:testcases.TC001AccountRegistrationTest@4ee37ca3]" started-at="2024-12-21T11:18:35 IST" name="verify_registration_account" finished-at="2024-12-21T11:18:41 IST" duration-ms="6035" status="PASS">
          <reporter-output>
          </reporter-output>
        </test-method> <!-- verify_registration_account -->
        <test-method is-config="true" signature="teardown()[pri:0, instance:testcases.TC001AccountRegistrationTest@4ee37ca3]" started-at="2024-12-21T11:18:41 IST" name="teardown" finished-at="2024-12-21T11:18:43 IST" duration-ms="1744" status="PASS">
          <reporter-output>
          </reporter-output>
        </test-method> <!-- teardown -->
      </class> <!-- testcases.TC001AccountRegistrationTest -->
      <class name="testcases.TC003DataDrivenTestCase">
        <test-method is-config="true" signature="SetUp(java.lang.String,java.lang.String)[pri:0, instance:testcases.TC003DataDrivenTestCase@53812a9b]" started-at="2024-12-21T11:19:03 IST" name="SetUp" finished-at="2024-12-21T11:19:11 IST" duration-ms="8304" status="PASS">
          <params>
            <param index="0">
              <value>
                <![CDATA[edge]]>
              </value>
            </param>
            <param index="1">
              <value>
                <![CDATA[window]]>
              </value>
            </param>
          </params>
          <reporter-output>
          </reporter-output>
        </test-method> <!-- SetUp -->
        <test-method signature="DataDrivenTestCase(java.lang.String,java.lang.String,java.lang.String)[pri:0, instance:testcases.TC003DataDrivenTestCase@53812a9b]" started-at="2024-12-21T11:19:12 IST" name="DataDrivenTestCase" data-provider="logindata" finished-at="2024-12-21T11:19:16 IST" duration-ms="4037" status="PASS">
          <params>
            <param index="0">
              <value>
                <![CDATA[ashu521998@gmail.com]]>
              </value>
            </param>
            <param index="1">
              <value>
                <![CDATA[123@123]]>
              </value>
            </param>
            <param index="2">
              <value>
                <![CDATA[Valid]]>
              </value>
            </param>
          </params>
          <reporter-output>
          </reporter-output>
        </test-method> <!-- DataDrivenTestCase -->
        <test-method signature="DataDrivenTestCase(java.lang.String,java.lang.String,java.lang.String)[pri:0, instance:testcases.TC003DataDrivenTestCase@53812a9b]" started-at="2024-12-21T11:19:16 IST" name="DataDrivenTestCase" data-provider="logindata" finished-at="2024-12-21T11:19:29 IST" duration-ms="12514" status="PASS">
          <params>
            <param index="0">
              <value>
                <![CDATA[pranav.prakash33@gmail.com]]>
              </value>
            </param>
            <param index="1">
              <value>
                <![CDATA[123@1234]]>
              </value>
            </param>
            <param index="2">
              <value>
                <![CDATA[Invalid]]>
              </value>
            </param>
          </params>
          <reporter-output>
          </reporter-output>
        </test-method> <!-- DataDrivenTestCase -->
        <test-method signature="DataDrivenTestCase(java.lang.String,java.lang.String,java.lang.String)[pri:0, instance:testcases.TC003DataDrivenTestCase@53812a9b]" started-at="2024-12-21T11:19:29 IST" name="DataDrivenTestCase" data-provider="logindata" finished-at="2024-12-21T11:19:33 IST" duration-ms="4310" status="PASS">
          <params>
            <param index="0">
              <value>
                <![CDATA[ashu5998@gmail.com]]>
              </value>
            </param>
            <param index="1">
              <value>
                <![CDATA[pranav]]>
              </value>
            </param>
            <param index="2">
              <value>
                <![CDATA[Valid]]>
              </value>
            </param>
          </params>
          <reporter-output>
          </reporter-output>
        </test-method> <!-- DataDrivenTestCase -->
        <test-method signature="DataDrivenTestCase(java.lang.String,java.lang.String,java.lang.String)[pri:0, instance:testcases.TC003DataDrivenTestCase@53812a9b]" started-at="2024-12-21T11:19:33 IST" name="DataDrivenTestCase" data-provider="logindata" finished-at="2024-12-21T11:19:44 IST" duration-ms="11221" status="PASS">
          <params>
            <param index="0">
              <value>
                <![CDATA[Happy@gmail.com]]>
              </value>
            </param>
            <param index="1">
              <value>
                <![CDATA[happy]]>
              </value>
            </param>
            <param index="2">
              <value>
                <![CDATA[Invalid]]>
              </value>
            </param>
          </params>
          <reporter-output>
          </reporter-output>
        </test-method> <!-- DataDrivenTestCase -->
        <test-method signature="DataDrivenTestCase(java.lang.String,java.lang.String,java.lang.String)[pri:0, instance:testcases.TC003DataDrivenTestCase@53812a9b]" started-at="2024-12-21T11:19:44 IST" name="DataDrivenTestCase" data-provider="logindata" finished-at="2024-12-21T11:19:56 IST" duration-ms="11471" status="PASS">
          <params>
            <param index="0">
              <value>
                <![CDATA[Yhaao@gmail.com]]>
              </value>
            </param>
            <param index="1">
              <value>
                <![CDATA[happy]]>
              </value>
            </param>
            <param index="2">
              <value>
                <![CDATA[Invalid]]>
              </value>
            </param>
          </params>
          <reporter-output>
          </reporter-output>
        </test-method> <!-- DataDrivenTestCase -->
        <test-method is-config="true" signature="teardown()[pri:0, instance:testcases.TC003DataDrivenTestCase@53812a9b]" started-at="2024-12-21T11:19:56 IST" name="teardown" finished-at="2024-12-21T11:19:58 IST" duration-ms="2519" status="PASS">
          <reporter-output>
          </reporter-output>
        </test-method> <!-- teardown -->
      </class> <!-- testcases.TC003DataDrivenTestCase -->
    </test> <!-- edgetest -->
  </suite> <!-- Suite -->
</testng-results>
